<?xml version="1.0" encoding="UTF-8"?>
<testsuite xmlns:xsi="http://www.w3.org/2001/XMLSchema-instance" xsi:noNamespaceSchemaLocation="https://maven.apache.org/surefire/maven-surefire-plugin/xsd/surefire-test-report.xsd" name="com.circuitbreaker.resilience4j.retry.RetryTest" time="4.29" tests="1" errors="0" skipped="0" failures="1">
  <properties>
[...]
</properties>
  <testcase name="backendAShouldRetryThreeTimes" classname="com.circuitbreaker.resilience4j.retry.RetryTest" time="0.8">
    <failure message="&#10;Expecting:&#10;  &quot;{&#10;  &quot;timestamp&quot; : &quot;2021-09-11T17:16:54.624+00:00&quot;,&#10;  &quot;path&quot; : &quot;/actuator/prometheus&quot;,&#10;  &quot;status&quot; : 404,&#10;  &quot;error&quot; : &quot;Not Found&quot;,&#10;  &quot;message&quot; : null,&#10;  &quot;requestId&quot; : &quot;311c56aa-2&quot;&#10;}&quot;&#10;to contain:&#10;  &quot;resilience4j_retry_calls_total{application=&quot;resilience4j-demo&quot;,kind=&quot;failed_with_retry&quot;,name=&quot;backend-a&quot;,} 1.0&quot; " type="java.lang.AssertionError">java.lang.AssertionError: 

Expecting:
  "{
  "timestamp" : "2021-09-11T17:16:54.624+00:00",
  "path" : "/actuator/prometheus",
  "status" : 404,
  "error" : "Not Found",
  "message" : null,
  "requestId" : "311c56aa-2"
}"
to contain:
  "resilience4j_retry_calls_total{application="resilience4j-demo",kind="failed_with_retry",name="backend-a",} 1.0" 
	at com.circuitbreaker.resilience4j.retry.RetryTest.backendAShouldRetryThreeTimes(RetryTest.java:16)
</failure>
    <system-out><![CDATA[2021-09-11 19:16:50.338  INFO 22049 --- [           main] .b.t.c.SpringBootTestContextBootstrapper : Neither @ContextConfiguration nor @ContextHierarchy found for test class [com.circuitbreaker.resilience4j.retry.RetryTest], using SpringBootContextLoader
2021-09-11 19:16:50.345  INFO 22049 --- [           main] o.s.t.c.support.AbstractContextLoader    : Could not detect default resource locations for test class [com.circuitbreaker.resilience4j.retry.RetryTest]: no resource found for suffixes {-context.xml, Context.groovy}.
2021-09-11 19:16:50.366  INFO 22049 --- [           main] .b.t.c.SpringBootTestContextBootstrapper : Loaded default TestExecutionListener class names from location [META-INF/spring.factories]: [org.springframework.boot.test.mock.mockito.MockitoTestExecutionListener, org.springframework.boot.test.mock.mockito.ResetMocksTestExecutionListener, org.springframework.boot.test.autoconfigure.restdocs.RestDocsTestExecutionListener, org.springframework.boot.test.autoconfigure.web.client.MockRestServiceServerResetTestExecutionListener, org.springframework.boot.test.autoconfigure.web.servlet.MockMvcPrintOnlyOnFailureTestExecutionListener, org.springframework.boot.test.autoconfigure.web.servlet.WebDriverTestExecutionListener, org.springframework.boot.test.autoconfigure.webservices.client.MockWebServiceServerTestExecutionListener, org.springframework.test.context.web.ServletTestExecutionListener, org.springframework.test.context.support.DirtiesContextBeforeModesTestExecutionListener, org.springframework.test.context.event.ApplicationEventsTestExecutionListener, org.springframework.test.context.support.DependencyInjectionTestExecutionListener, org.springframework.test.context.support.DirtiesContextTestExecutionListener, org.springframework.test.context.transaction.TransactionalTestExecutionListener, org.springframework.test.context.jdbc.SqlScriptsTestExecutionListener, org.springframework.test.context.event.EventPublishingTestExecutionListener]
2021-09-11 19:16:50.374  INFO 22049 --- [           main] .b.t.c.SpringBootTestContextBootstrapper : Using TestExecutionListeners: [org.springframework.test.context.support.DirtiesContextBeforeModesTestExecutionListener@5bba9949, org.springframework.test.context.event.ApplicationEventsTestExecutionListener@147059f8, org.springframework.boot.test.mock.mockito.MockitoTestExecutionListener@744fb110, org.springframework.boot.test.autoconfigure.SpringBootDependencyInjectionTestExecutionListener@838e109, org.springframework.test.context.support.DirtiesContextTestExecutionListener@7474196, org.springframework.test.context.event.EventPublishingTestExecutionListener@11ee671f, org.springframework.boot.test.mock.mockito.ResetMocksTestExecutionListener@18209303, org.springframework.boot.test.autoconfigure.restdocs.RestDocsTestExecutionListener@57df09a7, org.springframework.boot.test.autoconfigure.web.client.MockRestServiceServerResetTestExecutionListener@6aa9a93b, org.springframework.boot.test.autoconfigure.web.servlet.MockMvcPrintOnlyOnFailureTestExecutionListener@81dfdee, org.springframework.boot.test.autoconfigure.web.servlet.WebDriverTestExecutionListener@14b9df65, org.springframework.boot.test.autoconfigure.webservices.client.MockWebServiceServerTestExecutionListener@3b046e64]

  .   ____          _            __ _ _
 /\\ / ___'_ __ _ _(_)_ __  __ _ \ \ \ \
( ( )\___ | '_ | '_| | '_ \/ _` | \ \ \ \
 \\/  ___)| |_)| | | | | || (_| |  ) ) ) )
  '  |____| .__|_| |_|_| |_\__, | / / / /
 =========|_|==============|___/=/_/_/_/
 :: Spring Boot ::                (v2.5.2)

2021-09-11 19:16:50.526  INFO 22049 --- [           main] c.c.resilience4j.retry.RetryTest         : Starting RetryTest using Java 11.0.5 on utcl105076.eu.rabonet.com with PID 22049 (started by sashankasamantray in /Users/sashankasamantray/my_projects/backend/spring-app-resillience/spring-boot-resilience4j)
2021-09-11 19:16:50.533  INFO 22049 --- [           main] c.c.resilience4j.retry.RetryTest         : No active profile set, falling back to default profiles: default
2021-09-11 19:16:53.371  INFO 22049 --- [           main] o.s.b.a.e.web.EndpointLinksResolver      : Exposing 2 endpoint(s) beneath base path '/actuator'
2021-09-11 19:16:53.850  INFO 22049 --- [           main] o.s.b.web.embedded.netty.NettyWebServer  : Netty started on port 50638
2021-09-11 19:16:53.855  INFO 22049 --- [           main] c.c.resilience4j.retry.RetryTest         : Started RetryTest in 3.471 seconds (JVM running for 9.051)
2021-09-11 19:16:54.418 ERROR 22049 --- [ctor-http-nio-2] a.w.r.e.AbstractErrorWebExceptionHandler : [311c56aa-1]  500 Server Error for HTTP GET "/backend-a/failure"

org.springframework.web.client.HttpServerErrorException: 500 This is a remote exception
	at com.circuitbreaker.resilience4j.service.BackendServiceA.failure(BackendServiceA.java:37) ~[classes/:na]
	Suppressed: reactor.core.publisher.FluxOnAssembly$OnAssemblyException: 
Error has been observed at the following site(s):
	|_ checkpoint ⇢ org.springframework.boot.actuate.metrics.web.reactive.server.MetricsWebFilter [DefaultWebFilterChain]
	|_ checkpoint ⇢ HTTP GET "/backend-a/failure" [ExceptionHandlingWebHandler]
Stack trace:
		at com.circuitbreaker.resilience4j.service.BackendServiceA.failure(BackendServiceA.java:37) ~[classes/:na]
		at com.circuitbreaker.resilience4j.service.BackendServiceA$$FastClassBySpringCGLIB$$a6996b1e.invoke(<generated>) ~[classes/:na]
		at org.springframework.cglib.proxy.MethodProxy.invoke(MethodProxy.java:218) ~[spring-core-5.3.8.jar:5.3.8]
		at org.springframework.aop.framework.CglibAopProxy$CglibMethodInvocation.invokeJoinpoint(CglibAopProxy.java:779) ~[spring-aop-5.3.8.jar:5.3.8]
		at org.springframework.aop.framework.ReflectiveMethodInvocation.proceed(ReflectiveMethodInvocation.java:163) ~[spring-aop-5.3.8.jar:5.3.8]
		at org.springframework.aop.framework.CglibAopProxy$CglibMethodInvocation.proceed(CglibAopProxy.java:750) ~[spring-aop-5.3.8.jar:5.3.8]
		at org.springframework.aop.aspectj.MethodInvocationProceedingJoinPoint.proceed(MethodInvocationProceedingJoinPoint.java:89) ~[spring-aop-5.3.8.jar:5.3.8]
		at io.github.resilience4j.bulkhead.Bulkhead.lambda$decorateCheckedSupplier$461fdbc9$1(Bulkhead.java:74) ~[resilience4j-bulkhead-1.7.1.jar:1.7.1]
		at io.github.resilience4j.bulkhead.Bulkhead.executeCheckedSupplier(Bulkhead.java:546) ~[resilience4j-bulkhead-1.7.1.jar:1.7.1]
		at io.github.resilience4j.bulkhead.configure.BulkheadAspect.handleJoinPoint(BulkheadAspect.java:211) ~[resilience4j-spring-1.7.1.jar:1.7.1]
		at io.github.resilience4j.bulkhead.configure.BulkheadAspect.proceed(BulkheadAspect.java:164) ~[resilience4j-spring-1.7.1.jar:1.7.1]
		at io.github.resilience4j.bulkhead.configure.BulkheadAspect.bulkheadAroundAdvice(BulkheadAspect.java:126) ~[resilience4j-spring-1.7.1.jar:1.7.1]
		at java.base/jdk.internal.reflect.NativeMethodAccessorImpl.invoke0(Native Method) ~[na:na]
		at java.base/jdk.internal.reflect.NativeMethodAccessorImpl.invoke(NativeMethodAccessorImpl.java:62) ~[na:na]
		at java.base/jdk.internal.reflect.DelegatingMethodAccessorImpl.invoke(DelegatingMethodAccessorImpl.java:43) ~[na:na]
		at java.base/java.lang.reflect.Method.invoke(Method.java:566) ~[na:na]
		at org.springframework.aop.aspectj.AbstractAspectJAdvice.invokeAdviceMethodWithGivenArgs(AbstractAspectJAdvice.java:634) ~[spring-aop-5.3.8.jar:5.3.8]
		at org.springframework.aop.aspectj.AbstractAspectJAdvice.invokeAdviceMethod(AbstractAspectJAdvice.java:624) ~[spring-aop-5.3.8.jar:5.3.8]
		at org.springframework.aop.aspectj.AspectJAroundAdvice.invoke(AspectJAroundAdvice.java:72) ~[spring-aop-5.3.8.jar:5.3.8]
		at org.springframework.aop.framework.ReflectiveMethodInvocation.proceed(ReflectiveMethodInvocation.java:175) ~[spring-aop-5.3.8.jar:5.3.8]
		at org.springframework.aop.framework.CglibAopProxy$CglibMethodInvocation.proceed(CglibAopProxy.java:750) ~[spring-aop-5.3.8.jar:5.3.8]
		at org.springframework.aop.aspectj.MethodInvocationProceedingJoinPoint.proceed(MethodInvocationProceedingJoinPoint.java:89) ~[spring-aop-5.3.8.jar:5.3.8]
		at io.github.resilience4j.circuitbreaker.CircuitBreaker.lambda$decorateCheckedSupplier$82a9021a$1(CircuitBreaker.java:73) ~[resilience4j-circuitbreaker-1.7.1.jar:1.7.1]
		at io.github.resilience4j.circuitbreaker.CircuitBreaker.executeCheckedSupplier(CircuitBreaker.java:834) ~[resilience4j-circuitbreaker-1.7.1.jar:1.7.1]
		at io.github.resilience4j.circuitbreaker.configure.CircuitBreakerAspect.defaultHandling(CircuitBreakerAspect.java:188) ~[resilience4j-spring-1.7.1.jar:1.7.1]
		at io.github.resilience4j.circuitbreaker.configure.CircuitBreakerAspect.proceed(CircuitBreakerAspect.java:135) ~[resilience4j-spring-1.7.1.jar:1.7.1]
		at io.github.resilience4j.circuitbreaker.configure.CircuitBreakerAspect.circuitBreakerAroundAdvice(CircuitBreakerAspect.java:112) ~[resilience4j-spring-1.7.1.jar:1.7.1]
		at java.base/jdk.internal.reflect.NativeMethodAccessorImpl.invoke0(Native Method) ~[na:na]
		at java.base/jdk.internal.reflect.NativeMethodAccessorImpl.invoke(NativeMethodAccessorImpl.java:62) ~[na:na]
		at java.base/jdk.internal.reflect.DelegatingMethodAccessorImpl.invoke(DelegatingMethodAccessorImpl.java:43) ~[na:na]
		at java.base/java.lang.reflect.Method.invoke(Method.java:566) ~[na:na]
		at org.springframework.aop.aspectj.AbstractAspectJAdvice.invokeAdviceMethodWithGivenArgs(AbstractAspectJAdvice.java:634) ~[spring-aop-5.3.8.jar:5.3.8]
		at org.springframework.aop.aspectj.AbstractAspectJAdvice.invokeAdviceMethod(AbstractAspectJAdvice.java:624) ~[spring-aop-5.3.8.jar:5.3.8]
		at org.springframework.aop.aspectj.AspectJAroundAdvice.invoke(AspectJAroundAdvice.java:72) ~[spring-aop-5.3.8.jar:5.3.8]
		at org.springframework.aop.framework.ReflectiveMethodInvocation.proceed(ReflectiveMethodInvocation.java:175) ~[spring-aop-5.3.8.jar:5.3.8]
		at org.springframework.aop.framework.CglibAopProxy$CglibMethodInvocation.proceed(CglibAopProxy.java:750) ~[spring-aop-5.3.8.jar:5.3.8]
		at org.springframework.aop.aspectj.MethodInvocationProceedingJoinPoint.proceed(MethodInvocationProceedingJoinPoint.java:89) ~[spring-aop-5.3.8.jar:5.3.8]
		at io.github.resilience4j.retry.Retry.lambda$decorateCheckedSupplier$3f69f149$1(Retry.java:137) ~[resilience4j-retry-1.7.1.jar:1.7.1]
		at io.github.resilience4j.retry.Retry.executeCheckedSupplier(Retry.java:419) ~[resilience4j-retry-1.7.1.jar:1.7.1]
		at io.github.resilience4j.retry.configure.RetryAspect.handleDefaultJoinPoint(RetryAspect.java:184) ~[resilience4j-spring-1.7.1.jar:1.7.1]
		at io.github.resilience4j.retry.configure.RetryAspect.proceed(RetryAspect.java:141) ~[resilience4j-spring-1.7.1.jar:1.7.1]
		at io.github.resilience4j.retry.configure.RetryAspect.retryAroundAdvice(RetryAspect.java:120) ~[resilience4j-spring-1.7.1.jar:1.7.1]
		at java.base/jdk.internal.reflect.NativeMethodAccessorImpl.invoke0(Native Method) ~[na:na]
		at java.base/jdk.internal.reflect.NativeMethodAccessorImpl.invoke(NativeMethodAccessorImpl.java:62) ~[na:na]
		at java.base/jdk.internal.reflect.DelegatingMethodAccessorImpl.invoke(DelegatingMethodAccessorImpl.java:43) ~[na:na]
		at java.base/java.lang.reflect.Method.invoke(Method.java:566) ~[na:na]
		at org.springframework.aop.aspectj.AbstractAspectJAdvice.invokeAdviceMethodWithGivenArgs(AbstractAspectJAdvice.java:634) ~[spring-aop-5.3.8.jar:5.3.8]
		at org.springframework.aop.aspectj.AbstractAspectJAdvice.invokeAdviceMethod(AbstractAspectJAdvice.java:624) ~[spring-aop-5.3.8.jar:5.3.8]
		at org.springframework.aop.aspectj.AspectJAroundAdvice.invoke(AspectJAroundAdvice.java:72) ~[spring-aop-5.3.8.jar:5.3.8]
		at org.springframework.aop.framework.ReflectiveMethodInvocation.proceed(ReflectiveMethodInvocation.java:175) ~[spring-aop-5.3.8.jar:5.3.8]
		at org.springframework.aop.framework.CglibAopProxy$CglibMethodInvocation.proceed(CglibAopProxy.java:750) ~[spring-aop-5.3.8.jar:5.3.8]
		at org.springframework.aop.interceptor.ExposeInvocationInterceptor.invoke(ExposeInvocationInterceptor.java:97) ~[spring-aop-5.3.8.jar:5.3.8]
		at org.springframework.aop.framework.ReflectiveMethodInvocation.proceed(ReflectiveMethodInvocation.java:186) ~[spring-aop-5.3.8.jar:5.3.8]
		at org.springframework.aop.framework.CglibAopProxy$CglibMethodInvocation.proceed(CglibAopProxy.java:750) ~[spring-aop-5.3.8.jar:5.3.8]
		at org.springframework.aop.framework.CglibAopProxy$DynamicAdvisedInterceptor.intercept(CglibAopProxy.java:692) ~[spring-aop-5.3.8.jar:5.3.8]
		at com.circuitbreaker.resilience4j.service.BackendServiceA$$EnhancerBySpringCGLIB$$88037b89.failure(<generated>) ~[classes/:na]
		at com.circuitbreaker.resilience4j.web.controller.RestControllerA.failure(RestControllerA.java:27) ~[classes/:na]
		at java.base/jdk.internal.reflect.NativeMethodAccessorImpl.invoke0(Native Method) ~[na:na]
		at java.base/jdk.internal.reflect.NativeMethodAccessorImpl.invoke(NativeMethodAccessorImpl.java:62) ~[na:na]
		at java.base/jdk.internal.reflect.DelegatingMethodAccessorImpl.invoke(DelegatingMethodAccessorImpl.java:43) ~[na:na]
		at java.base/java.lang.reflect.Method.invoke(Method.java:566) ~[na:na]
		at org.springframework.web.reactive.result.method.InvocableHandlerMethod.lambda$invoke$0(InvocableHandlerMethod.java:146) ~[spring-webflux-5.3.8.jar:5.3.8]
		at reactor.core.publisher.FluxFlatMap.trySubscribeScalarMap(FluxFlatMap.java:152) ~[reactor-core-3.4.7.jar:3.4.7]
		at reactor.core.publisher.MonoFlatMap.subscribeOrReturn(MonoFlatMap.java:53) ~[reactor-core-3.4.7.jar:3.4.7]
		at reactor.core.publisher.InternalMonoOperator.subscribe(InternalMonoOperator.java:57) ~[reactor-core-3.4.7.jar:3.4.7]
		at reactor.core.publisher.MonoDefer.subscribe(MonoDefer.java:52) ~[reactor-core-3.4.7.jar:3.4.7]
		at reactor.core.publisher.MonoIgnoreThen$ThenIgnoreMain.subscribeNext(MonoIgnoreThen.java:236) ~[reactor-core-3.4.7.jar:3.4.7]
		at reactor.core.publisher.MonoIgnoreThen$ThenIgnoreMain.onComplete(MonoIgnoreThen.java:203) ~[reactor-core-3.4.7.jar:3.4.7]
		at reactor.core.publisher.MonoFlatMap$FlatMapMain.onComplete(MonoFlatMap.java:181) ~[reactor-core-3.4.7.jar:3.4.7]
		at reactor.core.publisher.Operators.complete(Operators.java:136) ~[reactor-core-3.4.7.jar:3.4.7]
		at reactor.core.publisher.MonoZip.subscribe(MonoZip.java:120) ~[reactor-core-3.4.7.jar:3.4.7]
		at reactor.core.publisher.Mono.subscribe(Mono.java:4150) ~[reactor-core-3.4.7.jar:3.4.7]
		at reactor.core.publisher.MonoIgnoreThen$ThenIgnoreMain.subscribeNext(MonoIgnoreThen.java:255) ~[reactor-core-3.4.7.jar:3.4.7]
		at reactor.core.publisher.MonoIgnoreThen.subscribe(MonoIgnoreThen.java:51) ~[reactor-core-3.4.7.jar:3.4.7]
		at reactor.core.publisher.InternalMonoOperator.subscribe(InternalMonoOperator.java:64) ~[reactor-core-3.4.7.jar:3.4.7]
		at reactor.core.publisher.MonoFlatMap$FlatMapMain.onNext(MonoFlatMap.java:157) ~[reactor-core-3.4.7.jar:3.4.7]
		at reactor.core.publisher.FluxSwitchIfEmpty$SwitchIfEmptySubscriber.onNext(FluxSwitchIfEmpty.java:73) ~[reactor-core-3.4.7.jar:3.4.7]
		at reactor.core.publisher.MonoNext$NextSubscriber.onNext(MonoNext.java:82) ~[reactor-core-3.4.7.jar:3.4.7]
		at reactor.core.publisher.FluxConcatMap$ConcatMapImmediate.innerNext(FluxConcatMap.java:281) ~[reactor-core-3.4.7.jar:3.4.7]
		at reactor.core.publisher.FluxConcatMap$ConcatMapInner.onNext(FluxConcatMap.java:860) ~[reactor-core-3.4.7.jar:3.4.7]
		at reactor.core.publisher.FluxMapFuseable$MapFuseableSubscriber.onNext(FluxMapFuseable.java:127) ~[reactor-core-3.4.7.jar:3.4.7]
		at reactor.core.publisher.MonoPeekTerminal$MonoTerminalPeekSubscriber.onNext(MonoPeekTerminal.java:180) ~[reactor-core-3.4.7.jar:3.4.7]
		at reactor.core.publisher.Operators$ScalarSubscription.request(Operators.java:2397) ~[reactor-core-3.4.7.jar:3.4.7]
		at reactor.core.publisher.MonoPeekTerminal$MonoTerminalPeekSubscriber.request(MonoPeekTerminal.java:139) ~[reactor-core-3.4.7.jar:3.4.7]
		at reactor.core.publisher.FluxMapFuseable$MapFuseableSubscriber.request(FluxMapFuseable.java:169) ~[reactor-core-3.4.7.jar:3.4.7]
		at reactor.core.publisher.Operators$MultiSubscriptionSubscriber.set(Operators.java:2193) ~[reactor-core-3.4.7.jar:3.4.7]
		at reactor.core.publisher.Operators$MultiSubscriptionSubscriber.onSubscribe(Operators.java:2067) ~[reactor-core-3.4.7.jar:3.4.7]
		at reactor.core.publisher.FluxMapFuseable$MapFuseableSubscriber.onSubscribe(FluxMapFuseable.java:96) ~[reactor-core-3.4.7.jar:3.4.7]
		at reactor.core.publisher.MonoPeekTerminal$MonoTerminalPeekSubscriber.onSubscribe(MonoPeekTerminal.java:152) ~[reactor-core-3.4.7.jar:3.4.7]
		at reactor.core.publisher.MonoJust.subscribe(MonoJust.java:54) ~[reactor-core-3.4.7.jar:3.4.7]
		at reactor.core.publisher.Mono.subscribe(Mono.java:4150) ~[reactor-core-3.4.7.jar:3.4.7]
		at reactor.core.publisher.FluxConcatMap$ConcatMapImmediate.drain(FluxConcatMap.java:448) ~[reactor-core-3.4.7.jar:3.4.7]
		at reactor.core.publisher.FluxConcatMap$ConcatMapImmediate.onSubscribe(FluxConcatMap.java:218) ~[reactor-core-3.4.7.jar:3.4.7]
		at reactor.core.publisher.FluxIterable.subscribe(FluxIterable.java:164) ~[reactor-core-3.4.7.jar:3.4.7]
		at reactor.core.publisher.FluxIterable.subscribe(FluxIterable.java:86) ~[reactor-core-3.4.7.jar:3.4.7]
		at reactor.core.publisher.InternalMonoOperator.subscribe(InternalMonoOperator.java:64) ~[reactor-core-3.4.7.jar:3.4.7]
		at reactor.core.publisher.MonoDefer.subscribe(MonoDefer.java:52) ~[reactor-core-3.4.7.jar:3.4.7]
		at reactor.core.publisher.InternalMonoOperator.subscribe(InternalMonoOperator.java:64) ~[reactor-core-3.4.7.jar:3.4.7]
		at reactor.core.publisher.MonoDefer.subscribe(MonoDefer.java:52) ~[reactor-core-3.4.7.jar:3.4.7]
		at reactor.core.publisher.InternalMonoOperator.subscribe(InternalMonoOperator.java:64) ~[reactor-core-3.4.7.jar:3.4.7]
		at reactor.core.publisher.MonoDefer.subscribe(MonoDefer.java:52) ~[reactor-core-3.4.7.jar:3.4.7]
		at reactor.core.publisher.Mono.subscribe(Mono.java:4150) ~[reactor-core-3.4.7.jar:3.4.7]
		at reactor.core.publisher.MonoIgnoreThen$ThenIgnoreMain.subscribeNext(MonoIgnoreThen.java:255) ~[reactor-core-3.4.7.jar:3.4.7]
		at reactor.core.publisher.MonoIgnoreThen.subscribe(MonoIgnoreThen.java:51) ~[reactor-core-3.4.7.jar:3.4.7]
		at reactor.core.publisher.InternalMonoOperator.subscribe(InternalMonoOperator.java:64) ~[reactor-core-3.4.7.jar:3.4.7]
		at reactor.netty.http.server.HttpServer$HttpServerHandle.onStateChange(HttpServer.java:915) ~[reactor-netty-http-1.0.8.jar:1.0.8]
		at reactor.netty.ReactorNetty$CompositeConnectionObserver.onStateChange(ReactorNetty.java:654) ~[reactor-netty-core-1.0.8.jar:1.0.8]
		at reactor.netty.transport.ServerTransport$ChildObserver.onStateChange(ServerTransport.java:478) ~[reactor-netty-core-1.0.8.jar:1.0.8]
		at reactor.netty.http.server.HttpServerOperations.onInboundNext(HttpServerOperations.java:533) ~[reactor-netty-http-1.0.8.jar:1.0.8]
		at reactor.netty.channel.ChannelOperationsHandler.channelRead(ChannelOperationsHandler.java:94) ~[reactor-netty-core-1.0.8.jar:1.0.8]
		at io.netty.channel.AbstractChannelHandlerContext.invokeChannelRead(AbstractChannelHandlerContext.java:379) ~[netty-transport-4.1.65.Final.jar:4.1.65.Final]
		at io.netty.channel.AbstractChannelHandlerContext.invokeChannelRead(AbstractChannelHandlerContext.java:365) ~[netty-transport-4.1.65.Final.jar:4.1.65.Final]
		at io.netty.channel.AbstractChannelHandlerContext.fireChannelRead(AbstractChannelHandlerContext.java:357) ~[netty-transport-4.1.65.Final.jar:4.1.65.Final]
		at reactor.netty.http.server.HttpTrafficHandler.channelRead(HttpTrafficHandler.java:209) ~[reactor-netty-http-1.0.8.jar:1.0.8]
		at io.netty.channel.AbstractChannelHandlerContext.invokeChannelRead(AbstractChannelHandlerContext.java:379) ~[netty-transport-4.1.65.Final.jar:4.1.65.Final]
		at io.netty.channel.AbstractChannelHandlerContext.invokeChannelRead(AbstractChannelHandlerContext.java:365) ~[netty-transport-4.1.65.Final.jar:4.1.65.Final]
		at io.netty.channel.AbstractChannelHandlerContext.fireChannelRead(AbstractChannelHandlerContext.java:357) ~[netty-transport-4.1.65.Final.jar:4.1.65.Final]
		at io.netty.channel.CombinedChannelDuplexHandler$DelegatingChannelHandlerContext.fireChannelRead(CombinedChannelDuplexHandler.java:436) ~[netty-transport-4.1.65.Final.jar:4.1.65.Final]
		at io.netty.handler.codec.ByteToMessageDecoder.fireChannelRead(ByteToMessageDecoder.java:324) ~[netty-codec-4.1.65.Final.jar:4.1.65.Final]
		at io.netty.handler.codec.ByteToMessageDecoder.channelRead(ByteToMessageDecoder.java:296) ~[netty-codec-4.1.65.Final.jar:4.1.65.Final]
		at io.netty.channel.CombinedChannelDuplexHandler.channelRead(CombinedChannelDuplexHandler.java:251) ~[netty-transport-4.1.65.Final.jar:4.1.65.Final]
		at io.netty.channel.AbstractChannelHandlerContext.invokeChannelRead(AbstractChannelHandlerContext.java:379) ~[netty-transport-4.1.65.Final.jar:4.1.65.Final]
		at io.netty.channel.AbstractChannelHandlerContext.invokeChannelRead(AbstractChannelHandlerContext.java:365) ~[netty-transport-4.1.65.Final.jar:4.1.65.Final]
		at io.netty.channel.AbstractChannelHandlerContext.fireChannelRead(AbstractChannelHandlerContext.java:357) ~[netty-transport-4.1.65.Final.jar:4.1.65.Final]
		at io.netty.channel.DefaultChannelPipeline$HeadContext.channelRead(DefaultChannelPipeline.java:1410) ~[netty-transport-4.1.65.Final.jar:4.1.65.Final]
		at io.netty.channel.AbstractChannelHandlerContext.invokeChannelRead(AbstractChannelHandlerContext.java:379) ~[netty-transport-4.1.65.Final.jar:4.1.65.Final]
		at io.netty.channel.AbstractChannelHandlerContext.invokeChannelRead(AbstractChannelHandlerContext.java:365) ~[netty-transport-4.1.65.Final.jar:4.1.65.Final]
		at io.netty.channel.DefaultChannelPipeline.fireChannelRead(DefaultChannelPipeline.java:919) ~[netty-transport-4.1.65.Final.jar:4.1.65.Final]
		at io.netty.channel.nio.AbstractNioByteChannel$NioByteUnsafe.read(AbstractNioByteChannel.java:166) ~[netty-transport-4.1.65.Final.jar:4.1.65.Final]
		at io.netty.channel.nio.NioEventLoop.processSelectedKey(NioEventLoop.java:719) ~[netty-transport-4.1.65.Final.jar:4.1.65.Final]
		at io.netty.channel.nio.NioEventLoop.processSelectedKeysOptimized(NioEventLoop.java:655) ~[netty-transport-4.1.65.Final.jar:4.1.65.Final]
		at io.netty.channel.nio.NioEventLoop.processSelectedKeys(NioEventLoop.java:581) ~[netty-transport-4.1.65.Final.jar:4.1.65.Final]
		at io.netty.channel.nio.NioEventLoop.run(NioEventLoop.java:493) ~[netty-transport-4.1.65.Final.jar:4.1.65.Final]
		at io.netty.util.concurrent.SingleThreadEventExecutor$4.run(SingleThreadEventExecutor.java:989) ~[netty-common-4.1.65.Final.jar:4.1.65.Final]
		at io.netty.util.internal.ThreadExecutorMap$2.run(ThreadExecutorMap.java:74) ~[netty-common-4.1.65.Final.jar:4.1.65.Final]
		at io.netty.util.concurrent.FastThreadLocalRunnable.run(FastThreadLocalRunnable.java:30) ~[netty-common-4.1.65.Final.jar:4.1.65.Final]
		at java.base/java.lang.Thread.run(Thread.java:834) ~[na:na]

]]></system-out>
  </testcase>
</testsuite>