<?xml version="1.0" encoding="UTF-8"?>
<testsuite xmlns:xsi="http://www.w3.org/2001/XMLSchema-instance" xsi:noNamespaceSchemaLocation="https://maven.apache.org/surefire/maven-surefire-plugin/xsd/surefire-test-report.xsd" name="com.circuitbreaker.resilience4j.circuitbreaker.CircuitBreakerTest" time="2.682" tests="4" errors="0" skipped="0" failures="0">
  <properties>
[...]
</properties>
  <testcase name="shouldOpenBackendACircuitBreaker" classname="com.circuitbreaker.resilience4j.circuitbreaker.CircuitBreakerTest" time="0.81"/>
  <testcase name="shouldCloseBackendBCircuitBreaker" classname="com.circuitbreaker.resilience4j.circuitbreaker.CircuitBreakerTest" time="0.024"/>
  <testcase name="shouldOpenBackendBCircuitBreaker" classname="com.circuitbreaker.resilience4j.circuitbreaker.CircuitBreakerTest" time="0.432"/>
  <testcase name="shouldCloseBackendACircuitBreaker" classname="com.circuitbreaker.resilience4j.circuitbreaker.CircuitBreakerTest" time="0.017"/>
</testsuite>